-------------------------------------------------------------------------------
Test set: TestSuite
-------------------------------------------------------------------------------
Tests run: 2, Failures: 1, Errors: 0, Skipped: 0, Time elapsed: 15.44 s <<< FAILURE! -- in TestSuite
cucumberOptions.TestNGtestRunner.runScenario["Search Experience for product search in both home and Offers page", "Search and Place the order for Products"](2) -- Time elapsed: 13.31 s <<< FAILURE!
java.lang.AssertionError: expected [Beetroot] but found [No data]
	at org.testng.Assert.fail(Assert.java:111)
	at org.testng.Assert.failNotEquals(Assert.java:1578)
	at org.testng.Assert.assertEqualsImpl(Assert.java:150)
	at org.testng.Assert.assertEquals(Assert.java:132)
	at org.testng.Assert.assertEquals(Assert.java:656)
	at org.testng.Assert.assertEquals(Assert.java:666)
	at stepDefinitions.OfferPageStepDefinition.validate_product_name_in_Offers_page(OfferPageStepDefinition.java:49)
	at âœ½.validate product name in offers page matches with Landing Page(file:///C:/Users/nichiuser/IdeaProjects/CucumberAutomation/src/test/java/features/searchProduct.feature:8)

